<?xml version="1.0" encoding="UTF-8"?>
<!-- Generated by org.testng.reporters.JUnitXMLReporter -->
<testsuite hostname="PUN-WKS-AC652" ignored="0" name="Default test" tests="9" failures="0" timestamp="13 May 2019 06:31:33 GMT" time="0.141" errors="0">
  <testcase name="Googlechrome" time="0.017" classname="qaclickacademy.Testng3Test"/>
  <testcase name="Internetexplorer" time="0.006" classname="qaclickacademy.Testng3Test"/>
  <testcase name="Mozila" time="0.002" classname="qaclickacademy.Testng3Test"/>
  <testcase name="Afternoon" time="0.002" classname="qaclickacademy.TestngTest"/>
  <testcase name="Morning" time="0.004" classname="qaclickacademy.TestngTest"/>
  <testcase name="Night" time="0.005" classname="qaclickacademy.TestngTest"/>
  <testcase name="Desktop" time="0.002" classname="qaclickacademy.Testng2Test"/>
  <testcase name="Laptop" time="0.003" classname="qaclickacademy.Testng2Test"/>
  <testcase name="Mobile" time="0.001" classname="qaclickacademy.Testng2Test"/>
</testsuite> <!-- Default test -->
