<?xml version="1.0" encoding="UTF-8"?>
<!-- Generated by org.testng.reporters.JUnitXMLReporter -->
<testsuite hostname="PUN-WKS-AC652" ignored="0" name="Command line test" tests="9" failures="0" timestamp="16 Apr 2019 13:00:48 GMT" time="0.036" errors="0">
  <testcase name="Desktop" time="0.005" classname="qaclickacademy.Testng2Test"/>
  <testcase name="Laptop" time="0.0" classname="qaclickacademy.Testng2Test"/>
  <testcase name="Mobile" time="0.001" classname="qaclickacademy.Testng2Test"/>
  <testcase name="Googlechrome" time="0.0" classname="qaclickacademy.Testng3Test"/>
  <testcase name="Internetexplorer" time="0.001" classname="qaclickacademy.Testng3Test"/>
  <testcase name="Mozila" time="0.0" classname="qaclickacademy.Testng3Test"/>
  <testcase name="Afternoon" time="0.0" classname="qaclickacademy.TestngTest"/>
  <testcase name="Morning" time="0.0" classname="qaclickacademy.TestngTest"/>
  <testcase name="Night" time="0.0" classname="qaclickacademy.TestngTest"/>
</testsuite> <!-- Command line test -->
