<?xml version="1.0" encoding="UTF-8"?>
<!-- Generated by org.testng.reporters.JUnitXMLReporter -->
<testsuite hostname="PUN-WKS-AC652" ignored="0" name="Surefire test" tests="3" failures="0" timestamp="15 Apr 2019 13:39:02 GMT" time="0.03" errors="0">
  <testcase name="Desktop" time="0.001" classname="qaclickacademy.Testng2Test"/>
  <testcase name="Internetexplorer" time="0.0" classname="qaclickacademy.Testng3Test"/>
  <testcase name="Morning" time="0.001" classname="qaclickacademy.TestngTest"/>
</testsuite> <!-- Surefire test -->
