<?xml version="1.0" encoding="UTF-8"?>
<testng-results skipped="0" failed="0" ignored="0" total="9" passed="9">
  <reporter-output>
  </reporter-output>
  <suite name="Command line suite" duration-ms="36" started-at="2019-04-16T13:00:48Z" finished-at="2019-04-16T13:00:48Z">
    <groups>
    </groups>
    <test name="Command line test" duration-ms="36" started-at="2019-04-16T13:00:48Z" finished-at="2019-04-16T13:00:48Z">
      <class name="qaclickacademy.Testng3Test">
        <test-method status="PASS" signature="Internetexplorer()[pri:0, instance:qaclickacademy.Testng3Test@506e6d5e]" name="Internetexplorer" duration-ms="1" started-at="2019-04-16T13:00:48Z" finished-at="2019-04-16T13:00:48Z">
          <reporter-output>
          </reporter-output>
        </test-method> <!-- Internetexplorer -->
        <test-method status="PASS" signature="Googlechrome()[pri:0, instance:qaclickacademy.Testng3Test@506e6d5e]" name="Googlechrome" duration-ms="0" started-at="2019-04-16T13:00:48Z" finished-at="2019-04-16T13:00:48Z">
          <reporter-output>
          </reporter-output>
        </test-method> <!-- Googlechrome -->
        <test-method status="PASS" signature="Mozila()[pri:0, instance:qaclickacademy.Testng3Test@506e6d5e]" name="Mozila" duration-ms="0" started-at="2019-04-16T13:00:48Z" finished-at="2019-04-16T13:00:48Z">
          <reporter-output>
          </reporter-output>
        </test-method> <!-- Mozila -->
      </class> <!-- qaclickacademy.Testng3Test -->
      <class name="qaclickacademy.TestngTest">
        <test-method status="PASS" signature="Afternoon()[pri:0, instance:qaclickacademy.TestngTest@96532d6]" name="Afternoon" duration-ms="0" started-at="2019-04-16T13:00:48Z" finished-at="2019-04-16T13:00:48Z">
          <reporter-output>
          </reporter-output>
        </test-method> <!-- Afternoon -->
        <test-method status="PASS" signature="Morning()[pri:0, instance:qaclickacademy.TestngTest@96532d6]" name="Morning" duration-ms="0" started-at="2019-04-16T13:00:48Z" finished-at="2019-04-16T13:00:48Z">
          <reporter-output>
          </reporter-output>
        </test-method> <!-- Morning -->
        <test-method status="PASS" signature="Night()[pri:0, instance:qaclickacademy.TestngTest@96532d6]" name="Night" duration-ms="0" started-at="2019-04-16T13:00:48Z" finished-at="2019-04-16T13:00:48Z">
          <reporter-output>
          </reporter-output>
        </test-method> <!-- Night -->
      </class> <!-- qaclickacademy.TestngTest -->
      <class name="qaclickacademy.Testng2Test">
        <test-method status="PASS" signature="Desktop()[pri:0, instance:qaclickacademy.Testng2Test@2acf57e3]" name="Desktop" duration-ms="5" started-at="2019-04-16T13:00:48Z" finished-at="2019-04-16T13:00:48Z">
          <reporter-output>
          </reporter-output>
        </test-method> <!-- Desktop -->
        <test-method status="PASS" signature="Laptop()[pri:0, instance:qaclickacademy.Testng2Test@2acf57e3]" name="Laptop" duration-ms="0" started-at="2019-04-16T13:00:48Z" finished-at="2019-04-16T13:00:48Z">
          <reporter-output>
          </reporter-output>
        </test-method> <!-- Laptop -->
        <test-method status="PASS" signature="Mobile()[pri:0, instance:qaclickacademy.Testng2Test@2acf57e3]" name="Mobile" duration-ms="1" started-at="2019-04-16T13:00:48Z" finished-at="2019-04-16T13:00:48Z">
          <reporter-output>
          </reporter-output>
        </test-method> <!-- Mobile -->
      </class> <!-- qaclickacademy.Testng2Test -->
    </test> <!-- Command line test -->
  </suite> <!-- Command line suite -->
</testng-results>
